<?xml version="1.0" encoding="UTF-8"?>
<!-- Generated by org.testng.reporters.JUnitXMLReporter -->
<testsuite ignored="0" hostname="saroj" failures="0" tests="4" name="Test for chrome" time="0.107" errors="0" timestamp="2023-06-02T20:18:37 IST">
  <testcase classname="generic.BaseTest" name="@BeforeClass openBrowser" time="0.006">
    <failure type="java.lang.NullPointerException" message="Cannot invoke &amp;quot;org.openqa.selenium.WebDriver.manage()&amp;quot; because &amp;quot;this.driver&amp;quot; is null">
      <![CDATA[java.lang.NullPointerException: Cannot invoke "org.openqa.selenium.WebDriver.manage()" because "this.driver" is null
at generic.BaseTest.openBrowser(BaseTest.java:39)
at java.base/java.util.concurrent.ThreadPoolExecutor.runWorker(ThreadPoolExecutor.java:1136)
at java.base/java.util.concurrent.ThreadPoolExecutor$Worker.run(ThreadPoolExecutor.java:635)
at java.base/java.lang.Thread.run(Thread.java:833)
... Removed 10 stack frames]]>
    </failure>
  </testcase> <!-- @BeforeClass openBrowser -->
  <testcase classname="generic.BaseTest" name="@AfterClass closeBrowser" time="-1.685717317862E9">
    <skipped/>
  </testcase> <!-- @AfterClass closeBrowser -->
  <testcase classname="test.orghrmTest" name="loginpage" time="0.0">
    <skipped/>
  </testcase> <!-- loginpage -->
  <testcase classname="test.orghrmTest" name="homepage" time="0.0">
    <skipped/>
  </testcase> <!-- homepage -->
  <testcase classname="test.orghrmTest" name="adminpage" time="0.0">
    <skipped/>
  </testcase> <!-- adminpage -->
  <testcase classname="test.orghrmTest" name="adduserpage" time="0.0">
    <skipped/>
  </testcase> <!-- adduserpage -->
</testsuite> <!-- Test for chrome -->
